<?xml version="1.0" encoding="UTF-8"?>
<testsuite name="com.nametrek.api.NametrekApiApplicationTests" tests="1" skipped="0" failures="0" errors="0" timestamp="2025-02-22T02:12:15" hostname="akanBox" time="0.089">
  <properties/>
  <testcase name="contextLoads()" classname="com.nametrek.api.NametrekApiApplicationTests" time="0.089"/>
  <system-out><![CDATA[03:11:43.400 [Test worker] INFO org.springframework.test.context.support.AnnotationConfigContextLoaderUtils -- Could not detect default configuration classes for test class [com.nametrek.api.NametrekApiApplicationTests]: NametrekApiApplicationTests does not declare any static, non-private, non-final, nested classes annotated with @Configuration.
03:11:44.155 [Test worker] INFO org.springframework.boot.test.context.SpringBootTestContextBootstrapper -- Found @SpringBootConfiguration com.nametrek.api.NametrekApiApplication for test class com.nametrek.api.NametrekApiApplicationTests

  .   ____          _            __ _ _
 /\\ / ___'_ __ _ _(_)_ __  __ _ \ \ \ \
( ( )\___ | '_ | '_| | '_ \/ _` | \ \ \ \
 \\/  ___)| |_)| | | | | || (_| |  ) ) ) )
  '  |____| .__|_| |_|_| |_\__, | / / / /
 =========|_|==============|___/=/_/_/_/

 :: Spring Boot ::                (v3.4.0)

2025-02-22T03:11:47.538+01:00  INFO 18835 --- [Nametrek API] [    Test worker] c.n.api.NametrekApiApplicationTests      : Starting NametrekApiApplicationTests using Java 21.0.6 with PID 18835 (started by akan in /home/akan/projects/nametrek_backend)
2025-02-22T03:11:47.584+01:00  INFO 18835 --- [Nametrek API] [    Test worker] c.n.api.NametrekApiApplicationTests      : No active profile set, falling back to 1 default profile: "default"
2025-02-22T03:11:54.740+01:00  INFO 18835 --- [Nametrek API] [    Test worker] .s.d.r.c.RepositoryConfigurationDelegate : Multiple Spring Data modules found, entering strict repository configuration mode
2025-02-22T03:11:54.747+01:00  INFO 18835 --- [Nametrek API] [    Test worker] .s.d.r.c.RepositoryConfigurationDelegate : Bootstrapping Spring Data JPA repositories in DEFAULT mode.
2025-02-22T03:11:55.332+01:00  INFO 18835 --- [Nametrek API] [    Test worker] .s.d.r.c.RepositoryConfigurationDelegate : Finished Spring Data repository scanning in 535 ms. Found 2 JPA repository interfaces.
2025-02-22T03:11:55.482+01:00  INFO 18835 --- [Nametrek API] [    Test worker] .s.d.r.c.RepositoryConfigurationDelegate : Multiple Spring Data modules found, entering strict repository configuration mode
2025-02-22T03:11:55.484+01:00  INFO 18835 --- [Nametrek API] [    Test worker] .s.d.r.c.RepositoryConfigurationDelegate : Bootstrapping Spring Data Redis repositories in DEFAULT mode.
2025-02-22T03:11:55.553+01:00  INFO 18835 --- [Nametrek API] [    Test worker] .RepositoryConfigurationExtensionSupport : Spring Data Redis - Could not safely identify store assignment for repository candidate interface com.nametrek.api.repository.PlayerRepository; If you want this repository to be a Redis repository, consider annotating your entities with one of these annotations: org.springframework.data.redis.core.RedisHash (preferred), or consider extending one of the following types with your repository: org.springframework.data.keyvalue.repository.KeyValueRepository
2025-02-22T03:11:55.554+01:00  INFO 18835 --- [Nametrek API] [    Test worker] .RepositoryConfigurationExtensionSupport : Spring Data Redis - Could not safely identify store assignment for repository candidate interface com.nametrek.api.repository.RoomRepository; If you want this repository to be a Redis repository, consider annotating your entities with one of these annotations: org.springframework.data.redis.core.RedisHash (preferred), or consider extending one of the following types with your repository: org.springframework.data.keyvalue.repository.KeyValueRepository
2025-02-22T03:11:55.555+01:00  INFO 18835 --- [Nametrek API] [    Test worker] .s.d.r.c.RepositoryConfigurationDelegate : Finished Spring Data repository scanning in 19 ms. Found 0 Redis repository interfaces.
2025-02-22T03:11:58.532+01:00  INFO 18835 --- [Nametrek API] [    Test worker] o.hibernate.jpa.internal.util.LogHelper  : HHH000204: Processing PersistenceUnitInfo [name: default]
2025-02-22T03:11:59.114+01:00  INFO 18835 --- [Nametrek API] [    Test worker] org.hibernate.Version                    : HHH000412: Hibernate ORM core version 6.6.2.Final
2025-02-22T03:11:59.359+01:00  INFO 18835 --- [Nametrek API] [    Test worker] o.h.c.internal.RegionFactoryInitiator    : HHH000026: Second-level cache disabled
2025-02-22T03:11:59.886+01:00  INFO 18835 --- [Nametrek API] [    Test worker] o.s.o.j.p.SpringPersistenceUnitInfo      : No LoadTimeWeaver setup: ignoring JPA class transformer
2025-02-22T03:12:00.164+01:00  INFO 18835 --- [Nametrek API] [    Test worker] com.zaxxer.hikari.HikariDataSource       : HikariPool-1 - Starting...
2025-02-22T03:12:00.716+01:00  INFO 18835 --- [Nametrek API] [    Test worker] com.zaxxer.hikari.pool.HikariPool        : HikariPool-1 - Added connection org.postgresql.jdbc.PgConnection@7164e28a
2025-02-22T03:12:00.720+01:00  INFO 18835 --- [Nametrek API] [    Test worker] com.zaxxer.hikari.HikariDataSource       : HikariPool-1 - Start completed.
2025-02-22T03:12:01.186+01:00  WARN 18835 --- [Nametrek API] [    Test worker] org.hibernate.orm.deprecation            : HHH90000025: PostgreSQLDialect does not need to be specified explicitly using 'hibernate.dialect' (remove the property setting and it will be selected by default)
2025-02-22T03:12:01.280+01:00  INFO 18835 --- [Nametrek API] [    Test worker] org.hibernate.orm.connections.pooling    : HHH10001005: Database info:
	Database JDBC URL [Connecting through datasource 'HikariDataSource (HikariPool-1)']
	Database driver: undefined/unknown
	Database version: 17.2
	Autocommit mode: undefined/unknown
	Isolation level: undefined/unknown
	Minimum pool size: undefined/unknown
	Maximum pool size: undefined/unknown
2025-02-22T03:12:04.542+01:00  INFO 18835 --- [Nametrek API] [    Test worker] o.h.e.t.j.p.i.JtaPlatformInitiator       : HHH000489: No JTA platform available (set 'hibernate.transaction.jta.platform' to enable JTA platform integration)
2025-02-22T03:12:05.032+01:00  INFO 18835 --- [Nametrek API] [    Test worker] j.LocalContainerEntityManagerFactoryBean : Initialized JPA EntityManagerFactory for persistence unit 'default'
2025-02-22T03:12:09.899+01:00  INFO 18835 --- [Nametrek API] [    Test worker] o.s.d.j.r.query.QueryEnhancerFactory     : Hibernate is in classpath; If applicable, HQL parser will be used.
2025-02-22T03:12:12.342+01:00  WARN 18835 --- [Nametrek API] [    Test worker] JpaBaseConfiguration$JpaWebConfiguration : spring.jpa.open-in-view is enabled by default. Therefore, database queries may be performed during view rendering. Explicitly configure spring.jpa.open-in-view to disable this warning
2025-02-22T03:12:14.043+01:00  WARN 18835 --- [Nametrek API] [    Test worker] ion$DefaultTemplateResolverConfiguration : Cannot find template location: classpath:/templates/ (please add some templates, check your Thymeleaf configuration, or set spring.thymeleaf.check-template-location=false)
2025-02-22T03:12:15.075+01:00  INFO 18835 --- [Nametrek API] [    Test worker] o.s.m.s.b.SimpleBrokerMessageHandler     : Starting...
2025-02-22T03:12:15.079+01:00  INFO 18835 --- [Nametrek API] [    Test worker] o.s.m.s.b.SimpleBrokerMessageHandler     : BrokerAvailabilityEvent[available=true, SimpleBrokerMessageHandler [org.springframework.messaging.simp.broker.DefaultSubscriptionRegistry@2165828d]]
2025-02-22T03:12:15.083+01:00  INFO 18835 --- [Nametrek API] [    Test worker] o.s.m.s.b.SimpleBrokerMessageHandler     : Started.
2025-02-22T03:12:15.206+01:00  INFO 18835 --- [Nametrek API] [    Test worker] c.n.api.NametrekApiApplicationTests      : Started NametrekApiApplicationTests in 29.948 seconds (process running for 46.679)
]]></system-out>
  <system-err><![CDATA[]]></system-err>
</testsuite>
