<?xml version="1.0" encoding="UTF-8"?>
<testsuite name="com.nametrek.api.service.RoomServiceTest" tests="6" skipped="0" failures="0" errors="0" timestamp="2024-12-19T20:52:46" hostname="akanBox" time="0.032">
  <properties/>
  <testcase name="testGet()" classname="com.nametrek.api.service.RoomServiceTest" time="0.004"/>
  <testcase name="testsave()" classname="com.nametrek.api.service.RoomServiceTest" time="0.005"/>
  <testcase name="testDeleteThrowsException()" classname="com.nametrek.api.service.RoomServiceTest" time="0.006"/>
  <testcase name="testCreate()" classname="com.nametrek.api.service.RoomServiceTest" time="0.004"/>
  <testcase name="testDelete()" classname="com.nametrek.api.service.RoomServiceTest" time="0.003"/>
  <testcase name="testUpdate()" classname="com.nametrek.api.service.RoomServiceTest" time="0.005"/>
  <system-out><![CDATA[]]></system-out>
  <system-err><![CDATA[]]></system-err>
</testsuite>
