<?xml version="1.0" encoding="UTF-8"?>
<testsuite name="com.nametrek.api.service.PlayerServiceTest" tests="9" skipped="0" failures="0" errors="0" timestamp="2024-12-25T17:27:53" hostname="akanBox" time="0.144">
  <properties/>
  <testcase name="testCreateWithUsername()" classname="com.nametrek.api.service.PlayerServiceTest" time="0.016"/>
  <testcase name="testGet()" classname="com.nametrek.api.service.PlayerServiceTest" time="0.01"/>
  <testcase name="testSave()" classname="com.nametrek.api.service.PlayerServiceTest" time="0.005"/>
  <testcase name="testCreateWithUsernameAndRoomId()" classname="com.nametrek.api.service.PlayerServiceTest" time="0.005"/>
  <testcase name="testDeleteThrowsException()" classname="com.nametrek.api.service.PlayerServiceTest" time="0.006"/>
  <testcase name="testPersistDelete()" classname="com.nametrek.api.service.PlayerServiceTest" time="0.004"/>
  <testcase name="testPersistUpdate()" classname="com.nametrek.api.service.PlayerServiceTest" time="0.077"/>
  <testcase name="testDelete()" classname="com.nametrek.api.service.PlayerServiceTest" time="0.004"/>
  <testcase name="testGetPlayersOrderBy()" classname="com.nametrek.api.service.PlayerServiceTest" time="0.004"/>
  <system-out><![CDATA[]]></system-out>
  <system-err><![CDATA[]]></system-err>
</testsuite>
