<?xml version="1.0" encoding="UTF-8"?>
<testsuite name="com.nametrek.api.service.CategoryServiceTest" tests="2" skipped="0" failures="0" errors="0" timestamp="2025-02-22T02:12:15" hostname="akanBox" time="0.011">
  <properties/>
  <testcase name="testIsItemInCategory()" classname="com.nametrek.api.service.CategoryServiceTest" time="0.006"/>
  <testcase name="testAddItemToCategry()" classname="com.nametrek.api.service.CategoryServiceTest" time="0.004"/>
  <system-out><![CDATA[]]></system-out>
  <system-err><![CDATA[]]></system-err>
</testsuite>
