<?xml version="1.0" encoding="UTF-8"?>
<testsuite name="com.nametrek.api.NametrekApiApplicationTests" tests="1" skipped="0" failures="0" errors="0" timestamp="2024-12-19T20:52:44" hostname="akanBox" time="0.875">
  <properties/>
  <testcase name="contextLoads()" classname="com.nametrek.api.NametrekApiApplicationTests" time="0.875"/>
  <system-out><![CDATA[21:52:41.112 [Test worker] INFO org.springframework.test.context.support.AnnotationConfigContextLoaderUtils -- Could not detect default configuration classes for test class [com.nametrek.api.NametrekApiApplicationTests]: NametrekApiApplicationTests does not declare any static, non-private, non-final, nested classes annotated with @Configuration.
21:52:41.238 [Test worker] INFO org.springframework.boot.test.context.SpringBootTestContextBootstrapper -- Found @SpringBootConfiguration com.nametrek.api.NametrekApiApplication for test class com.nametrek.api.NametrekApiApplicationTests

  .   ____          _            __ _ _
 /\\ / ___'_ __ _ _(_)_ __  __ _ \ \ \ \
( ( )\___ | '_ | '_| | '_ \/ _` | \ \ \ \
 \\/  ___)| |_)| | | | | || (_| |  ) ) ) )
  '  |____| .__|_| |_|_| |_\__, | / / / /
 =========|_|==============|___/=/_/_/_/

 :: Spring Boot ::                (v3.4.0)

2024-12-19T21:52:41.748+01:00  INFO 58331 --- [Nametrek API] [    Test worker] c.n.api.NametrekApiApplicationTests      : Starting NametrekApiApplicationTests using Java 21.0.5 with PID 58331 (started by akan in /home/akan/projects/nametrek_backend)
2024-12-19T21:52:41.751+01:00  INFO 58331 --- [Nametrek API] [    Test worker] c.n.api.NametrekApiApplicationTests      : No active profile set, falling back to 1 default profile: "default"
2024-12-19T21:52:42.899+01:00  INFO 58331 --- [Nametrek API] [    Test worker] .s.d.r.c.RepositoryConfigurationDelegate : Multiple Spring Data modules found, entering strict repository configuration mode
2024-12-19T21:52:42.901+01:00  INFO 58331 --- [Nametrek API] [    Test worker] .s.d.r.c.RepositoryConfigurationDelegate : Bootstrapping Spring Data Redis repositories in DEFAULT mode.
2024-12-19T21:52:42.940+01:00  INFO 58331 --- [Nametrek API] [    Test worker] .s.d.r.c.RepositoryConfigurationDelegate : Finished Spring Data repository scanning in 18 ms. Found 0 Redis repository interfaces.
2024-12-19T21:52:44.574+01:00  INFO 58331 --- [Nametrek API] [    Test worker] o.s.m.s.b.SimpleBrokerMessageHandler     : Starting...
2024-12-19T21:52:44.579+01:00  INFO 58331 --- [Nametrek API] [    Test worker] o.s.m.s.b.SimpleBrokerMessageHandler     : BrokerAvailabilityEvent[available=true, SimpleBrokerMessageHandler [org.springframework.messaging.simp.broker.DefaultSubscriptionRegistry@389a1e34]]
2024-12-19T21:52:44.580+01:00  INFO 58331 --- [Nametrek API] [    Test worker] o.s.m.s.b.SimpleBrokerMessageHandler     : Started.
2024-12-19T21:52:44.597+01:00  INFO 58331 --- [Nametrek API] [    Test worker] c.n.api.NametrekApiApplicationTests      : Started NametrekApiApplicationTests in 3.204 seconds (process running for 4.668)
]]></system-out>
  <system-err><![CDATA[Mockito is currently self-attaching to enable the inline-mock-maker. This will no longer work in future releases of the JDK. Please add Mockito as an agent to your build what is described in Mockito's documentation: https://javadoc.io/doc/org.mockito/mockito-core/latest/org/mockito/Mockito.html#0.3
WARNING: A Java agent has been loaded dynamically (/home/akan/.gradle/caches/modules-2/files-2.1/net.bytebuddy/byte-buddy-agent/1.15.10/e8eb255b2c378b9a6c7341e7b0e12f0a5636377/byte-buddy-agent-1.15.10.jar)
WARNING: If a serviceability tool is in use, please run with -XX:+EnableDynamicAgentLoading to hide this warning
WARNING: If a serviceability tool is not in use, please run with -Djdk.instrument.traceUsage for more information
WARNING: Dynamic loading of agents will be disallowed by default in a future release
]]></system-err>
</testsuite>
