<?xml version="1.0" encoding="UTF-8"?>
<testsuite name="com.nametrek.api.NametrekApiApplicationTests" tests="1" skipped="0" failures="0" errors="0" timestamp="2025-01-22T13:52:57" hostname="akanBox" time="5.977">
  <properties/>
  <testcase name="contextLoads()" classname="com.nametrek.api.NametrekApiApplicationTests" time="5.977"/>
  <system-out><![CDATA[14:52:07.656 [Test worker] INFO org.springframework.test.context.support.AnnotationConfigContextLoaderUtils -- Could not detect default configuration classes for test class [com.nametrek.api.NametrekApiApplicationTests]: NametrekApiApplicationTests does not declare any static, non-private, non-final, nested classes annotated with @Configuration.
14:52:10.201 [Test worker] INFO org.springframework.boot.test.context.SpringBootTestContextBootstrapper -- Found @SpringBootConfiguration com.nametrek.api.NametrekApiApplication for test class com.nametrek.api.NametrekApiApplicationTests

  .   ____          _            __ _ _
 /\\ / ___'_ __ _ _(_)_ __  __ _ \ \ \ \
( ( )\___ | '_ | '_| | '_ \/ _` | \ \ \ \
 \\/  ___)| |_)| | | | | || (_| |  ) ) ) )
  '  |____| .__|_| |_|_| |_\__, | / / / /
 =========|_|==============|___/=/_/_/_/

 :: Spring Boot ::                (v3.4.0)

2025-01-22T14:52:15.445+01:00  INFO 38136 --- [Nametrek API] [    Test worker] c.n.api.NametrekApiApplicationTests      : Starting NametrekApiApplicationTests using Java 21.0.5 with PID 38136 (started by akan in /home/akan/projects/nametrek_backend)
2025-01-22T14:52:15.453+01:00  INFO 38136 --- [Nametrek API] [    Test worker] c.n.api.NametrekApiApplicationTests      : No active profile set, falling back to 1 default profile: "default"
2025-01-22T14:52:24.136+01:00  INFO 38136 --- [Nametrek API] [    Test worker] .s.d.r.c.RepositoryConfigurationDelegate : Multiple Spring Data modules found, entering strict repository configuration mode
2025-01-22T14:52:24.150+01:00  INFO 38136 --- [Nametrek API] [    Test worker] .s.d.r.c.RepositoryConfigurationDelegate : Bootstrapping Spring Data JPA repositories in DEFAULT mode.
2025-01-22T14:52:25.413+01:00  INFO 38136 --- [Nametrek API] [    Test worker] .s.d.r.c.RepositoryConfigurationDelegate : Finished Spring Data repository scanning in 1170 ms. Found 2 JPA repository interfaces.
2025-01-22T14:52:25.599+01:00  INFO 38136 --- [Nametrek API] [    Test worker] .s.d.r.c.RepositoryConfigurationDelegate : Multiple Spring Data modules found, entering strict repository configuration mode
2025-01-22T14:52:25.603+01:00  INFO 38136 --- [Nametrek API] [    Test worker] .s.d.r.c.RepositoryConfigurationDelegate : Bootstrapping Spring Data Redis repositories in DEFAULT mode.
2025-01-22T14:52:25.693+01:00  INFO 38136 --- [Nametrek API] [    Test worker] .RepositoryConfigurationExtensionSupport : Spring Data Redis - Could not safely identify store assignment for repository candidate interface com.nametrek.api.repository.PlayerRepository; If you want this repository to be a Redis repository, consider annotating your entities with one of these annotations: org.springframework.data.redis.core.RedisHash (preferred), or consider extending one of the following types with your repository: org.springframework.data.keyvalue.repository.KeyValueRepository
2025-01-22T14:52:25.695+01:00  INFO 38136 --- [Nametrek API] [    Test worker] .RepositoryConfigurationExtensionSupport : Spring Data Redis - Could not safely identify store assignment for repository candidate interface com.nametrek.api.repository.RoomRepository; If you want this repository to be a Redis repository, consider annotating your entities with one of these annotations: org.springframework.data.redis.core.RedisHash (preferred), or consider extending one of the following types with your repository: org.springframework.data.keyvalue.repository.KeyValueRepository
2025-01-22T14:52:25.696+01:00  INFO 38136 --- [Nametrek API] [    Test worker] .s.d.r.c.RepositoryConfigurationDelegate : Finished Spring Data repository scanning in 53 ms. Found 0 Redis repository interfaces.
2025-01-22T14:52:30.902+01:00  INFO 38136 --- [Nametrek API] [    Test worker] o.hibernate.jpa.internal.util.LogHelper  : HHH000204: Processing PersistenceUnitInfo [name: default]
2025-01-22T14:52:31.361+01:00  INFO 38136 --- [Nametrek API] [    Test worker] org.hibernate.Version                    : HHH000412: Hibernate ORM core version 6.6.2.Final
2025-01-22T14:52:31.626+01:00  INFO 38136 --- [Nametrek API] [    Test worker] o.h.c.internal.RegionFactoryInitiator    : HHH000026: Second-level cache disabled
2025-01-22T14:52:33.708+01:00  INFO 38136 --- [Nametrek API] [    Test worker] o.s.o.j.p.SpringPersistenceUnitInfo      : No LoadTimeWeaver setup: ignoring JPA class transformer
2025-01-22T14:52:34.137+01:00  INFO 38136 --- [Nametrek API] [    Test worker] com.zaxxer.hikari.HikariDataSource       : HikariPool-1 - Starting...
2025-01-22T14:52:34.897+01:00  INFO 38136 --- [Nametrek API] [    Test worker] com.zaxxer.hikari.pool.HikariPool        : HikariPool-1 - Added connection org.postgresql.jdbc.PgConnection@749ad37c
2025-01-22T14:52:34.907+01:00  INFO 38136 --- [Nametrek API] [    Test worker] com.zaxxer.hikari.HikariDataSource       : HikariPool-1 - Start completed.
2025-01-22T14:52:35.048+01:00  WARN 38136 --- [Nametrek API] [    Test worker] org.hibernate.orm.deprecation            : HHH90000025: PostgreSQLDialect does not need to be specified explicitly using 'hibernate.dialect' (remove the property setting and it will be selected by default)
2025-01-22T14:52:35.144+01:00  INFO 38136 --- [Nametrek API] [    Test worker] org.hibernate.orm.connections.pooling    : HHH10001005: Database info:
	Database JDBC URL [Connecting through datasource 'HikariDataSource (HikariPool-1)']
	Database driver: undefined/unknown
	Database version: 16.3
	Autocommit mode: undefined/unknown
	Isolation level: undefined/unknown
	Minimum pool size: undefined/unknown
	Maximum pool size: undefined/unknown
2025-01-22T14:52:40.076+01:00  INFO 38136 --- [Nametrek API] [    Test worker] o.h.e.t.j.p.i.JtaPlatformInitiator       : HHH000489: No JTA platform available (set 'hibernate.transaction.jta.platform' to enable JTA platform integration)
Hibernate: 
    create table players (
        id bigint generated by default as identity,
        name varchar(255),
        score float(53),
        status smallint check (status between 0 and 1),
        room_id uuid not null,
        primary key (id)
    )
Hibernate: 
    create table rooms (
        id uuid not null,
        capacity integer,
        code varchar(10),
        rounds integer,
        primary key (id)
    )
Hibernate: 
    alter table if exists players 
       add constraint FK_ROOM_PLAYER 
       foreign key (room_id) 
       references rooms
2025-01-22T14:52:40.765+01:00  INFO 38136 --- [Nametrek API] [    Test worker] j.LocalContainerEntityManagerFactoryBean : Initialized JPA EntityManagerFactory for persistence unit 'default'
2025-01-22T14:52:47.406+01:00  INFO 38136 --- [Nametrek API] [    Test worker] o.s.d.j.r.query.QueryEnhancerFactory     : Hibernate is in classpath; If applicable, HQL parser will be used.
creating an instance of scheduler
2025-01-22T14:52:51.883+01:00 DEBUG 38136 --- [Nametrek API] [    Test worker] o.s.w.s.s.s.WebSocketHandlerMapping      : Patterns [/ws] in 'stompWebSocketHandlerMapping'
2025-01-22T14:52:52.115+01:00  WARN 38136 --- [Nametrek API] [    Test worker] JpaBaseConfiguration$JpaWebConfiguration : spring.jpa.open-in-view is enabled by default. Therefore, database queries may be performed during view rendering. Explicitly configure spring.jpa.open-in-view to disable this warning
2025-01-22T14:52:52.252+01:00 DEBUG 38136 --- [Nametrek API] [    Test worker] .WebSocketAnnotationMethodMessageHandler : 
	c.n.a.c.EmailController:
	
2025-01-22T14:52:52.255+01:00 DEBUG 38136 --- [Nametrek API] [    Test worker] .WebSocketAnnotationMethodMessageHandler : 
	c.n.a.c.GameRestController:
	
2025-01-22T14:52:52.265+01:00 DEBUG 38136 --- [Nametrek API] [    Test worker] .WebSocketAnnotationMethodMessageHandler : 
	c.n.a.c.GameWebSocketController:
	{[MESSAGE],[/game/{id}/answer]}: getAnswer(String,AnswerDto)
2025-01-22T14:52:52.277+01:00 DEBUG 38136 --- [Nametrek API] [    Test worker] .WebSocketAnnotationMethodMessageHandler : 
	c.n.a.c.PlayerController:
	
2025-01-22T14:52:52.278+01:00 DEBUG 38136 --- [Nametrek API] [    Test worker] .WebSocketAnnotationMethodMessageHandler : 
	c.n.a.c.RoomController:
	
2025-01-22T14:52:52.302+01:00 DEBUG 38136 --- [Nametrek API] [    Test worker] .WebSocketAnnotationMethodMessageHandler : 
	o.s.b.a.w.s.e.BasicErrorController:
	
2025-01-22T14:52:54.820+01:00  WARN 38136 --- [Nametrek API] [    Test worker] ion$DefaultTemplateResolverConfiguration : Cannot find template location: classpath:/templates/ (please add some templates, check your Thymeleaf configuration, or set spring.thymeleaf.check-template-location=false)
2025-01-22T14:52:56.995+01:00 DEBUG 38136 --- [Nametrek API] [    Test worker] o.s.m.s.ExecutorSubscribableChannel      : clientOutboundChannel added SubProtocolWebSocketHandler[StompSubProtocolHandler[v10.stomp, v11.stomp, v12.stomp]]
2025-01-22T14:52:57.002+01:00 DEBUG 38136 --- [Nametrek API] [    Test worker] o.s.m.s.ExecutorSubscribableChannel      : clientInboundChannel added WebSocketAnnotationMethodMessageHandler[prefixes=[/app/]]
2025-01-22T14:52:57.014+01:00  INFO 38136 --- [Nametrek API] [    Test worker] o.s.m.s.b.SimpleBrokerMessageHandler     : Starting...
2025-01-22T14:52:57.015+01:00 DEBUG 38136 --- [Nametrek API] [    Test worker] o.s.m.s.ExecutorSubscribableChannel      : clientInboundChannel added SimpleBrokerMessageHandler [org.springframework.messaging.simp.broker.DefaultSubscriptionRegistry@7aead7d9]
2025-01-22T14:52:57.016+01:00 DEBUG 38136 --- [Nametrek API] [    Test worker] o.s.m.s.ExecutorSubscribableChannel      : brokerChannel added SimpleBrokerMessageHandler [org.springframework.messaging.simp.broker.DefaultSubscriptionRegistry@7aead7d9]
2025-01-22T14:52:57.038+01:00  INFO 38136 --- [Nametrek API] [    Test worker] o.s.m.s.b.SimpleBrokerMessageHandler     : BrokerAvailabilityEvent[available=true, SimpleBrokerMessageHandler [org.springframework.messaging.simp.broker.DefaultSubscriptionRegistry@7aead7d9]]
2025-01-22T14:52:57.074+01:00  INFO 38136 --- [Nametrek API] [    Test worker] o.s.m.s.b.SimpleBrokerMessageHandler     : Started.
2025-01-22T14:52:57.076+01:00 DEBUG 38136 --- [Nametrek API] [    Test worker] o.s.m.s.ExecutorSubscribableChannel      : clientInboundChannel added UserDestinationMessageHandler[DefaultUserDestinationResolver[prefix=/user/]]
2025-01-22T14:52:57.076+01:00 DEBUG 38136 --- [Nametrek API] [    Test worker] o.s.m.s.ExecutorSubscribableChannel      : brokerChannel added UserDestinationMessageHandler[DefaultUserDestinationResolver[prefix=/user/]]
2025-01-22T14:52:57.283+01:00  INFO 38136 --- [Nametrek API] [    Test worker] c.n.api.NametrekApiApplicationTests      : Started NametrekApiApplicationTests in 45.1 seconds (process running for 68.13)
]]></system-out>
  <system-err><![CDATA[Mockito is currently self-attaching to enable the inline-mock-maker. This will no longer work in future releases of the JDK. Please add Mockito as an agent to your build what is described in Mockito's documentation: https://javadoc.io/doc/org.mockito/mockito-core/latest/org/mockito/Mockito.html#0.3
WARNING: A Java agent has been loaded dynamically (/home/akan/.gradle/caches/modules-2/files-2.1/net.bytebuddy/byte-buddy-agent/1.15.10/e8eb255b2c378b9a6c7341e7b0e12f0a5636377/byte-buddy-agent-1.15.10.jar)
WARNING: If a serviceability tool is in use, please run with -XX:+EnableDynamicAgentLoading to hide this warning
WARNING: If a serviceability tool is not in use, please run with -Djdk.instrument.traceUsage for more information
WARNING: Dynamic loading of agents will be disallowed by default in a future release
]]></system-err>
</testsuite>
