<?xml version="1.0" encoding="UTF-8"?>
<testsuite name="com.nametrek.api.NametrekApiApplicationTests" tests="1" skipped="0" failures="0" errors="0" timestamp="2024-12-25T17:27:53" hostname="akanBox" time="0.022">
  <properties/>
  <testcase name="contextLoads()" classname="com.nametrek.api.NametrekApiApplicationTests" time="0.022"/>
  <system-out><![CDATA[18:27:49.189 [Test worker] INFO org.springframework.test.context.support.AnnotationConfigContextLoaderUtils -- Could not detect default configuration classes for test class [com.nametrek.api.NametrekApiApplicationTests]: NametrekApiApplicationTests does not declare any static, non-private, non-final, nested classes annotated with @Configuration.
18:27:49.371 [Test worker] INFO org.springframework.boot.test.context.SpringBootTestContextBootstrapper -- Found @SpringBootConfiguration com.nametrek.api.NametrekApiApplication for test class com.nametrek.api.NametrekApiApplicationTests

  .   ____          _            __ _ _
 /\\ / ___'_ __ _ _(_)_ __  __ _ \ \ \ \
( ( )\___ | '_ | '_| | '_ \/ _` | \ \ \ \
 \\/  ___)| |_)| | | | | || (_| |  ) ) ) )
  '  |____| .__|_| |_|_| |_\__, | / / / /
 =========|_|==============|___/=/_/_/_/

 :: Spring Boot ::                (v3.4.0)

2024-12-25T18:27:50.031+01:00  INFO 41637 --- [Nametrek API] [    Test worker] c.n.api.NametrekApiApplicationTests      : Starting NametrekApiApplicationTests using Java 21.0.5 with PID 41637 (started by akan in /home/akan/projects/nametrek_backend)
2024-12-25T18:27:50.041+01:00  INFO 41637 --- [Nametrek API] [    Test worker] c.n.api.NametrekApiApplicationTests      : No active profile set, falling back to 1 default profile: "default"
2024-12-25T18:27:51.247+01:00  INFO 41637 --- [Nametrek API] [    Test worker] .s.d.r.c.RepositoryConfigurationDelegate : Multiple Spring Data modules found, entering strict repository configuration mode
2024-12-25T18:27:51.251+01:00  INFO 41637 --- [Nametrek API] [    Test worker] .s.d.r.c.RepositoryConfigurationDelegate : Bootstrapping Spring Data Redis repositories in DEFAULT mode.
2024-12-25T18:27:51.316+01:00  INFO 41637 --- [Nametrek API] [    Test worker] .s.d.r.c.RepositoryConfigurationDelegate : Finished Spring Data repository scanning in 34 ms. Found 0 Redis repository interfaces.
2024-12-25T18:27:53.386+01:00  INFO 41637 --- [Nametrek API] [    Test worker] o.s.m.s.b.SimpleBrokerMessageHandler     : Starting...
2024-12-25T18:27:53.392+01:00  INFO 41637 --- [Nametrek API] [    Test worker] o.s.m.s.b.SimpleBrokerMessageHandler     : BrokerAvailabilityEvent[available=true, SimpleBrokerMessageHandler [org.springframework.messaging.simp.broker.DefaultSubscriptionRegistry@3c74d846]]
2024-12-25T18:27:53.393+01:00  INFO 41637 --- [Nametrek API] [    Test worker] o.s.m.s.b.SimpleBrokerMessageHandler     : Started.
2024-12-25T18:27:53.418+01:00  INFO 41637 --- [Nametrek API] [    Test worker] c.n.api.NametrekApiApplicationTests      : Started NametrekApiApplicationTests in 3.812 seconds (process running for 6.893)
]]></system-out>
  <system-err><![CDATA[]]></system-err>
</testsuite>
