<?xml version="1.0" encoding="UTF-8"?>
<testsuite name="com.nametrek.api.service.RoomServiceTest" tests="7" skipped="0" failures="0" errors="0" timestamp="2024-12-25T17:27:53" hostname="akanBox" time="0.194">
  <properties/>
  <testcase name="testRemovePlayerFromRoom()" classname="com.nametrek.api.service.RoomServiceTest" time="0.116"/>
  <testcase name="testGet()" classname="com.nametrek.api.service.RoomServiceTest" time="0.006"/>
  <testcase name="testsave()" classname="com.nametrek.api.service.RoomServiceTest" time="0.007"/>
  <testcase name="testDeleteThrowsException()" classname="com.nametrek.api.service.RoomServiceTest" time="0.009"/>
  <testcase name="testCreate()" classname="com.nametrek.api.service.RoomServiceTest" time="0.015"/>
  <testcase name="testDelete()" classname="com.nametrek.api.service.RoomServiceTest" time="0.02"/>
  <testcase name="testAddPlayerToRoom()" classname="com.nametrek.api.service.RoomServiceTest" time="0.009"/>
  <system-out><![CDATA[]]></system-out>
  <system-err><![CDATA[]]></system-err>
</testsuite>
